2023-02-13 22:35:56.141597: Запуск приложения.2023-02-13 22:36:00.839760: Пользователь выбрал работу с базой данных.2023-02-13 22:46:41.107792: Запуск приложения.
2023-02-13 22:47:39.026437: Пользователь выбрал работу с базой данных.
2023-02-14 10:46:39.724474: Запуск приложения.
2023-02-14 10:46:47.335782: Пользователь выбрал работу с базой данных.
2023-02-14 10:47:00.601768: Пользователь выбрал импорт документа: {'content_type': 'text', 'id': 586, 'message_id': 586, 'from_user': {'id': 6277873420, 'is_bot': True, 'first_name': 'bot_gb9', 'username': 'seminar9gb_bot', 'last_name': None, 'language_code': None, 'can_join_groups': None, 'can_read_all_group_messages': None, 'supports_inline_queries': None, 'is_premium': None, 'added_to_attachment_menu': None}, 'date': 1676353619, 'chat': {'id': 1610167802, 'type': 'private', 'title': None, 'username': 'LeslieKash', 'first_name': 'Лейсян', 'last_name': 'Кашапова', 'is_forum': None, 'photo': None, 'bio': None, 'join_to_send_messages': None, 'join_by_request': None, 'has_private_forwards': None, 'has_restricted_voice_and_video_messages': None, 'description': None, 'invite_link': None, 'pinned_message': None, 'permissions': None, 'slow_mode_delay': None, 'message_auto_delete_time': None, 'has_protected_content': None, 'sticker_set_name': None, 'can_set_sticker_set': None, 'linked_chat_id': None, 'location': None, 'active_usernames': None, 'emoji_status_custom_emoji_id': None, 'has_hidden_members': None, 'has_aggressive_anti_spam_enabled': None}, 'sender_chat': None, 'forward_from': None, 'forward_from_chat': None, 'forward_from_message_id': None, 'forward_signature': None, 'forward_sender_name': None, 'forward_date': None, 'is_automatic_forward': None, 'reply_to_message': None, 'via_bot': None, 'edit_date': None, 'has_protected_content': None, 'media_group_id': None, 'author_signature': None, 'text': 'Отправьте файл для импорта', 'entities': None, 'caption_entities': None, 'audio': None, 'document': None, 'photo': None, 'sticker': None, 'video': None, 'video_note': None, 'voice': None, 'caption': None, 'contact': None, 'location': None, 'venue': None, 'animation': None, 'dice': None, 'new_chat_member': None, 'new_chat_members': None, 'left_chat_member': None, 'new_chat_title': None, 'new_chat_photo': None, 'delete_chat_photo': None, 'group_chat_created': None, 'supergroup_chat_created': None, 'channel_chat_created': None, 'migrate_to_chat_id': None, 'migrate_from_chat_id': None, 'pinned_message': None, 'invoice': None, 'successful_payment': None, 'connected_website': None, 'reply_markup': None, 'message_thread_id': None, 'is_topic_message': None, 'forum_topic_created': None, 'forum_topic_closed': None, 'forum_topic_reopened': None, 'has_media_spoiler': None, 'forum_topic_edited': None, 'general_forum_topic_hidden': None, 'general_forum_topic_unhidden': None, 'write_access_allowed': None, 'user_shared': None, 'chat_shared': None, 'json': {'message_id': 586, 'from': {'id': 6277873420, 'is_bot': True, 'first_name': 'bot_gb9', 'username': 'seminar9gb_bot'}, 'chat': {'id': 1610167802, 'first_name': 'Лейсян', 'last_name': 'Кашапова', 'username': 'LeslieKash', 'type': 'private'}, 'date': 1676353619, 'text': 'Отправьте файл для импорта'}}
2023-02-14 10:47:26.895281: Импорт данных завершен.
2023-02-14 10:47:58.455849: Пользователь запросил экспорт данных завершен.
2023-02-14 10:47:58.666845: Экспорт файла завершен.
2023-02-14 10:48:10.815619: Пользователь запросил вывод списка сотрудников на экран.
2023-02-14 10:50:32.399468: Пользователь выбрал калькулятор.
2023-02-14 10:51:03.166785: Пользователь ввел выражение: (17+3)*2-(10-5). Результат равен [35].
2023-02-14 10:51:26.980230: Пользователь запросил вывод списка сотрудников на экран.
2023-02-14 10:53:03.155359: Запуск приложения.
2023-02-14 10:53:05.781518: Пользователь выбрал калькулятор.
2023-02-14 10:53:26.574897: Пользователь ввел выражение: (17+3)*2-(10-5). Результат равен 35.
2023-02-14 10:56:44.841375: Запуск приложения.
2023-02-14 10:56:47.915234: Пользоатель запросил вывод справки.
2023-02-14 10:57:00.104695: Пользователь выбрал калькулятор.
2023-02-14 10:57:35.558578: Пользователь ввел выражение: 65-15*3+(15+5). Результат равен 40.
2023-02-14 10:58:06.837104: Пользователь выбрал работу с базой данных.
2023-02-14 10:58:12.042027: Пользователь запросил вывод списка сотрудников на экран.
2023-02-14 10:58:17.630881: Пользователь выбрал импорт документа.
2023-02-14 10:58:29.043257: Импорт данных завершен.
2023-02-14 10:59:09.183094: Пользователь запросил вывод списка сотрудников на экран.
2023-02-14 10:59:23.725280: Пользоатель запросил вывод справки.
2023-02-14 10:59:28.107884: Пользователь выбрал работу с базой данных.
2023-02-14 10:59:47.005644: Ввод нового сотрудника. Начало.
2023-02-14 11:00:12.870413: Пользователь ввел фамилию: Андреева
2023-02-14 11:00:15.775103: Пользователь ввел имя: Ирина
2023-02-14 11:00:31.583901: Пользователь ввел отчество: Николаевна
2023-02-14 11:00:43.167570: Пользователь ввел дату рождения: 28.10.2001
2023-02-14 11:00:46.152306: Пользователь ввел номер телефона: 987
2023-02-14 11:01:21.915114: Пользователь ввел отдел: Cleaning
2023-02-14 11:01:21.920118: Внесли данные нового сотрудника в базу данных: ['Андреева', 'Ирина', 'Николаевна', '28.10.2001', '987', 'Cleaning']
2023-02-14 11:01:22.042137: Вывели список сотрудников на экран: {'1': ['Петров', 'Иван', 'Игоревич', '01.05.2000', '8-928-123-45-67', 'IT'], '2': ['Федоров', 'Павел', 'Иванович', '21.12.2002', '8-929-963-52-87', 'Counting'], 2: ['Андреева', 'Ирина', 'Николаевна', '28.10.2001', '987', 'Cleaning']}
2023-02-14 11:02:33.098501: Пользователь выбрал импорт документа.
2023-02-14 11:02:40.432480: Импорт данных завершен.
2023-02-14 11:02:53.610784: Пользователь запросил вывод списка сотрудников на экран.
2023-02-14 11:03:10.144974: Пользователь запросил экспорт данных.
2023-02-14 11:03:10.402979: Экспорт файла завершен.
2023-02-14 11:03:34.710398: Пользователь запросил удаление данных сотрудника.
2023-02-14 11:03:41.251514: Номер сотрудника: 2
2023-02-14 11:04:29.182455: Пользователь запросил вывод списка сотрудников на экран.
2023-02-14 11:06:29.529330: Запуск приложения.
2023-02-14 11:06:34.471311: Пользователь выбрал работу с базой данных.
2023-02-14 11:06:36.660053: Пользователь запросил вывод списка сотрудников на экран.
2023-02-14 11:06:39.921834: Пользователь выбрал импорт документа.
2023-02-14 11:06:51.079403: Импорт данных завершен.
2023-02-14 11:06:55.343349: Пользователь запросил вывод списка сотрудников на экран.
2023-02-14 11:07:14.530546: Ввод нового сотрудника. Начало.
2023-02-14 11:08:31.895850: Пользователь ввел фамилию: Андреева
2023-02-14 11:08:33.902512: Пользователь ввел имя: Ирина
2023-02-14 11:08:38.755028: Пользователь ввел отчество: Николаевна
2023-02-14 11:08:49.383564: Пользователь ввел дату рождения: 26.04.2003
2023-02-14 11:08:52.000375: Пользователь ввел номер телефона: 963
2023-02-14 11:09:03.308575: Пользователь ввел отдел: Cleaning
2023-02-14 11:09:03.312571: Внесли данные нового сотрудника в базу данных: ['Андреева', 'Ирина', 'Николаевна', '26.04.2003', '963', 'Cleaning']
2023-02-14 11:09:03.528771: Вывели список сотрудников на экран: {'1': ['Петров', 'Иван', 'Игоревич', '01.05.2000', '8-928-123-45-67', 'IT'], '2': ['Федоров', 'Павел', 'Иванович', '21.12.2002', '8-929-963-52-87', 'Counting'], 3: ['Смирнов', 'Дмитрий', 'Анатольевич', '06.07.2008', '8-929-654-32-78', 'IT'], 4: ['Попова', 'Нина', 'Алексеевна', '29.10.2004', '8-919-746-38-91', 'Counting'], '5': ['Андреева', 'Ирина', 'Николаевна', '26.04.2003', '963', 'Cleaning']}
2023-02-14 11:09:59.736924: Пользователь запросил экспорт данных.
2023-02-14 11:09:59.880036: Экспорт файла завершен.
